FULL RUN LOG:
SPDX NON-COMPLIANT FILES
/usr/local/workspace/Caravel-SOFA-HD/README.md
/usr/local/workspace/Caravel-SOFA-HD/doc/caravel_datasheet.ps
/usr/local/workspace/Caravel-SOFA-HD/mag/clamp_list.txt
/usr/local/workspace/Caravel-SOFA-HD/openlane/chip_dimensions.txt
/usr/local/workspace/Caravel-SOFA-HD/openlane/mgmt_protect/pdn.tcl
/usr/local/workspace/Caravel-SOFA-HD/spi/lvs/DFFRAM.spice
/usr/local/workspace/Caravel-SOFA-HD/spi/lvs/chip_io.spice
/usr/local/workspace/Caravel-SOFA-HD/spi/lvs/digital_pll.spice
/usr/local/workspace/Caravel-SOFA-HD/spi/lvs/gpio_control_block.spice
/usr/local/workspace/Caravel-SOFA-HD/spi/lvs/simple_por.spice
/usr/local/workspace/Caravel-SOFA-HD/spi/lvs/storage.spice
/usr/local/workspace/Caravel-SOFA-HD/spi/lvs/user_id_programming.spice
/usr/local/workspace/Caravel-SOFA-HD/spi/lvs/mgmt_core.spice
/usr/local/workspace/Caravel-SOFA-HD/spi/lvs/mgmt_protect.spice
/usr/local/workspace/Caravel-SOFA-HD/spi/lvs/mgmt_protect_hv.spice
/usr/local/workspace/Caravel-SOFA-HD/spi/lvs/mprj2_logic_high.spice
/usr/local/workspace/Caravel-SOFA-HD/spi/lvs/mprj_logic_high.spice
/usr/local/workspace/Caravel-SOFA-HD/spi/lvs/sky130_fd_sc_hvl__lsbufhv2lv_1_wrapped.spice
/usr/local/workspace/Caravel-SOFA-HD/spi/lvs/user_proj_example.spice
/usr/local/workspace/Caravel-SOFA-HD/spi/lvs/user_project_wrapper.spice
/usr/local/workspace/Caravel-SOFA-HD/verilog/dv/caravel/sections.lds
/usr/local/workspace/Caravel-SOFA-HD/verilog/dv/caravel/spiflash.v
/usr/local/workspace/Caravel-SOFA-HD/verilog/dv/caravel/start.s
/usr/local/workspace/Caravel-SOFA-HD/verilog/dv/caravel/tbuart.v
/usr/local/workspace/Caravel-SOFA-HD/verilog/dv/caravel/mgmt_soc/gpio/gpio_tb.v
/usr/local/workspace/Caravel-SOFA-HD/verilog/dv/caravel/mgmt_soc/mem/mem_tb.v
/usr/local/workspace/Caravel-SOFA-HD/verilog/dv/caravel/mgmt_soc/perf/perf_tb.v
/usr/local/workspace/Caravel-SOFA-HD/verilog/dv/caravel/mgmt_soc/storage/storage_tb.v
/usr/local/workspace/Caravel-SOFA-HD/verilog/dv/caravel/mgmt_soc/timer/timer_tb.v
/usr/local/workspace/Caravel-SOFA-HD/verilog/dv/caravel/mgmt_soc/timer2/timer2_tb.v
/usr/local/workspace/Caravel-SOFA-HD/verilog/dv/caravel/mgmt_soc/uart/uart_tb.v
/usr/local/workspace/Caravel-SOFA-HD/verilog/gl/caravel.v
/usr/local/workspace/Caravel-SOFA-HD/verilog/gl/chip_io.v
/usr/local/workspace/Caravel-SOFA-HD/verilog/gl/mgmt_protect.v
/usr/local/workspace/Caravel-SOFA-HD/verilog/gl/mgmt_protect_hv.v
/usr/local/workspace/Caravel-SOFA-HD/verilog/gl/mprj2_logic_high.v
/usr/local/workspace/Caravel-SOFA-HD/verilog/gl/sky130_fd_sc_hvl__lsbufhv2lv_1_wrapped.v
/usr/local/workspace/Caravel-SOFA-HD/verilog/gl/user_proj_example.v
/usr/local/workspace/Caravel-SOFA-HD/verilog/gl/mprj_logic_high.v
/usr/local/workspace/Caravel-SOFA-HD/verilog/gl/user_project_wrapper.v
/usr/local/workspace/Caravel-SOFA-HD/verilog/rtl/mprj2_logic_high.v
/usr/local/workspace/Caravel-SOFA-HD/verilog/rtl/mgmt_soc.v
/usr/local/workspace/Caravel-SOFA-HD/verilog/rtl/picorv32.v
/usr/local/workspace/Caravel-SOFA-HD/verilog/rtl/simpleuart.v
/usr/local/workspace/Caravel-SOFA-HD/verilog/rtl/spimemio.v
/usr/local/workspace/Caravel-SOFA-HD/verilog/rtl/mprj_logic_high.v
/usr/local/workspace/Caravel-SOFA-HD/checks/caravel.magic.typelist
/usr/local/workspace/Caravel-SOFA-HD/checks/caravel.magic.namelist
